# JRE version: Java(TM) SE Runtime Environment (9.0+11) (build 9.0.4+11)
# Java VM: Java HotSpot(TM) 64-Bit Server VM (9.0.4+11, mixed mode, tiered, compressed oops, g1 gc, bsd-amd64)
Heap:
 garbage-first heap   total 131072K, used 36440K [0x0000000740000000, 0x0000000740100400, 0x00000007c0000000)
  region size 1024K, 17 young (17408K), 4 survivors (4096K)
 Metaspace       used 32293K, capacity 35206K, committed 35452K, reserved 1079296K
  class space    used 4324K, capacity 4869K, committed 4992K, reserved 1048576K
GC Heap History (10 events):
Event: 1.639 GC heap before
{Heap before GC invocations=0 (full 0):
 garbage-first heap   total 131072K, used 14336K [0x0000000740000000, 0x0000000740100400, 0x00000007c0000000)
  region size 1024K, 14 young (14336K), 0 survivors (0K)
 Metaspace       used 12201K, capacity 12858K, committed 13056K, reserved 1060864K
  class space    used 1324K, capacity 1461K, committed 1536K, reserved 1048576K
}
Event: 1.665 GC heap after
{Heap after GC invocations=1 (full 0):
 garbage-first heap   total 131072K, used 2438K [0x0000000740000000, 0x0000000740100400, 0x00000007c0000000)
  region size 1024K, 2 young (2048K), 2 survivors (2048K)
 Metaspace       used 12201K, capacity 12858K, committed 13056K, reserved 1060864K
  class space    used 1324K, capacity 1461K, committed 1536K, reserved 1048576K
}
Event: 3.156 GC heap before
{Heap before GC invocations=1 (full 0):
 garbage-first heap   total 131072K, used 39302K [0x0000000740000000, 0x0000000740100400, 0x00000007c0000000)
  region size 1024K, 28 young (28672K), 2 survivors (2048K)
 Metaspace       used 19873K, capacity 21246K, committed 21296K, reserved 1069056K
  class space    used 2522K, capacity 2797K, committed 2816K, reserved 1048576K
}
Event: 3.166 GC heap after
{Heap after GC invocations=2 (full 0):
 garbage-first heap   total 131072K, used 17790K [0x0000000740000000, 0x0000000740100400, 0x00000007c0000000)
  region size 1024K, 6 young (6144K), 6 survivors (6144K)
 Metaspace       used 19873K, capacity 21246K, committed 21296K, reserved 1069056K
  class space    used 2522K, capacity 2797K, committed 2816K, reserved 1048576K
}
Event: 6.841 GC heap before
{Heap before GC invocations=3 (full 0):
 garbage-first heap   total 131072K, used 48510K [0x0000000740000000, 0x0000000740100400, 0x00000007c0000000)
  region size 1024K, 36 young (36864K), 6 survivors (6144K)
 Metaspace       used 21970K, capacity 23552K, committed 23676K, reserved 1069056K
  class space    used 2809K, capacity 3156K, committed 3200K, reserved 1048576K
}
Event: 6.854 GC heap after
{Heap after GC invocations=4 (full 0):
 garbage-first heap   total 131072K, used 18535K [0x0000000740000000, 0x0000000740100400, 0x00000007c0000000)
  region size 1024K, 1 young (1024K), 1 survivors (1024K)
 Metaspace       used 21970K, capacity 23552K, committed 23676K, reserved 1069056K
  class space    used 2809K, capacity 3156K, committed 3200K, reserved 1048576K
}
Event: 9.801 GC heap before
{Heap before GC invocations=4 (full 0):
 garbage-first heap   total 131072K, used 61543K [0x0000000740000000, 0x0000000740100400, 0x00000007c0000000)
  region size 1024K, 40 young (40960K), 1 survivors (1024K)
 Metaspace       used 31544K, capacity 34456K, committed 34556K, reserved 1079296K
  class space    used 4273K, capacity 4820K, committed 4864K, reserved 1048576K
}
Event: 9.808 GC heap after
{Heap after GC invocations=5 (full 0):
 garbage-first heap   total 131072K, used 23943K [0x0000000740000000, 0x0000000740100400, 0x00000007c0000000)
  region size 1024K, 4 young (4096K), 4 survivors (4096K)
 Metaspace       used 31544K, capacity 34456K, committed 34556K, reserved 1079296K
  class space    used 4273K, capacity 4820K, committed 4864K, reserved 1048576K
}
Event: 15.397 GC heap before
{Heap before GC invocations=5 (full 0):
 garbage-first heap   total 131072K, used 76167K [0x0000000740000000, 0x0000000740100400, 0x00000007c0000000)
  region size 1024K, 55 young (56320K), 4 survivors (4096K)
 Metaspace       used 32193K, capacity 35110K, committed 35324K, reserved 1079296K
  class space    used 4319K, capacity 4861K, committed 4864K, reserved 1048576K
}
Event: 15.405 GC heap after
{Heap after GC invocations=6 (full 0):
 garbage-first heap   total 131072K, used 24152K [0x0000000740000000, 0x0000000740100400, 0x00000007c0000000)
  region size 1024K, 4 young (4096K), 4 survivors (4096K)
 Metaspace       used 32193K, capacity 35110K, committed 35324K, reserved 1079296K
  class space    used 4319K, capacity 4861K, committed 4864K, reserved 1048576K
}

